2025-08-09T20:12:07.438+09:00  INFO 62446 --- [seating-app] [restartedMain] sekigae.sekigae.SekigaeApplication       : Starting SekigaeApplication using Java 23.0.2 with PID 62446 (/Users/okumurakiyoshikou/IdeaProjects/sekigae/build/classes/java/main started by okumurakiyoshikou in /Users/okumurakiyoshikou/IdeaProjects/sekigae)
2025-08-09T20:12:07.440+09:00  INFO 62446 --- [seating-app] [restartedMain] sekigae.sekigae.SekigaeApplication       : The following 1 profile is active: "development"
2025-08-09T20:12:07.465+09:00  INFO 62446 --- [seating-app] [restartedMain] .e.DevToolsPropertyDefaultsPostProcessor : Devtools property defaults active! Set 'spring.devtools.add-properties' to 'false' to disable
2025-08-09T20:12:07.465+09:00  INFO 62446 --- [seating-app] [restartedMain] .e.DevToolsPropertyDefaultsPostProcessor : For additional web related logging consider setting the 'logging.level.web' property to 'DEBUG'
2025-08-09T20:12:07.698+09:00  INFO 62446 --- [seating-app] [restartedMain] .s.d.r.c.RepositoryConfigurationDelegate : Bootstrapping Spring Data JPA repositories in DEFAULT mode.
2025-08-09T20:12:07.716+09:00  INFO 62446 --- [seating-app] [restartedMain] .s.d.r.c.RepositoryConfigurationDelegate : Finished Spring Data repository scanning in 13 ms. Found 3 JPA repository interfaces.
2025-08-09T20:12:08.119+09:00  INFO 62446 --- [seating-app] [restartedMain] o.s.b.w.embedded.tomcat.TomcatWebServer  : Tomcat initialized with port 8080 (http)
2025-08-09T20:12:08.124+09:00  INFO 62446 --- [seating-app] [restartedMain] o.apache.catalina.core.StandardService   : Starting service [Tomcat]
2025-08-09T20:12:08.124+09:00  INFO 62446 --- [seating-app] [restartedMain] o.apache.catalina.core.StandardEngine    : Starting Servlet engine: [Apache Tomcat/10.1.16]
2025-08-09T20:12:08.140+09:00  INFO 62446 --- [seating-app] [restartedMain] o.a.c.c.C.[Tomcat].[localhost].[/]       : Initializing Spring embedded WebApplicationContext
2025-08-09T20:12:08.140+09:00  INFO 62446 --- [seating-app] [restartedMain] w.s.c.ServletWebServerApplicationContext : Root WebApplicationContext: initialization completed in 675 ms
2025-08-09T20:12:08.198+09:00  INFO 62446 --- [seating-app] [restartedMain] com.zaxxer.hikari.HikariDataSource       : HikariPool-1 - Starting...
2025-08-09T20:12:08.397+09:00  INFO 62446 --- [seating-app] [restartedMain] com.zaxxer.hikari.pool.HikariPool        : HikariPool-1 - Added connection com.mysql.cj.jdbc.ConnectionImpl@28b218d9
2025-08-09T20:12:08.398+09:00  INFO 62446 --- [seating-app] [restartedMain] com.zaxxer.hikari.HikariDataSource       : HikariPool-1 - Start completed.
2025-08-09T20:12:08.402+09:00  INFO 62446 --- [seating-app] [restartedMain] o.s.b.a.h2.H2ConsoleAutoConfiguration    : H2 console available at '/h2-console'. Database available at 'jdbc:mysql://localhost:3306/sekigae_db?useSSL=false&allowPublicKeyRetrieval=true&characterEncoding=UTF-8&serverTimezone=Asia/Tokyo'
2025-08-09T20:12:08.480+09:00  INFO 62446 --- [seating-app] [restartedMain] o.hibernate.jpa.internal.util.LogHelper  : HHH000204: Processing PersistenceUnitInfo [name: default]
2025-08-09T20:12:08.503+09:00  INFO 62446 --- [seating-app] [restartedMain] org.hibernate.Version                    : HHH000412: Hibernate ORM core version 6.3.1.Final
2025-08-09T20:12:08.515+09:00  INFO 62446 --- [seating-app] [restartedMain] o.h.c.internal.RegionFactoryInitiator    : HHH000026: Second-level cache disabled
2025-08-09T20:12:08.597+09:00  INFO 62446 --- [seating-app] [restartedMain] o.s.o.j.p.SpringPersistenceUnitInfo      : No LoadTimeWeaver setup: ignoring JPA class transformer
2025-08-09T20:12:08.622+09:00  WARN 62446 --- [seating-app] [restartedMain] org.hibernate.orm.deprecation            : HHH90000025: MySQL8Dialect does not need to be specified explicitly using 'hibernate.dialect' (remove the property setting and it will be selected by default)
2025-08-09T20:12:08.623+09:00  WARN 62446 --- [seating-app] [restartedMain] org.hibernate.orm.deprecation            : HHH90000026: MySQL8Dialect has been deprecated; use org.hibernate.dialect.MySQLDialect instead
2025-08-09T20:12:08.917+09:00  INFO 62446 --- [seating-app] [restartedMain] o.h.e.t.j.p.i.JtaPlatformInitiator       : HHH000489: No JTA platform available (set 'hibernate.transaction.jta.platform' to enable JTA platform integration)
2025-08-09T20:12:08.951+09:00  INFO 62446 --- [seating-app] [restartedMain] j.LocalContainerEntityManagerFactoryBean : Initialized JPA EntityManagerFactory for persistence unit 'default'
2025-08-09T20:12:09.223+09:00  WARN 62446 --- [seating-app] [restartedMain] JpaBaseConfiguration$JpaWebConfiguration : spring.jpa.open-in-view is enabled by default. Therefore, database queries may be performed during view rendering. Explicitly configure spring.jpa.open-in-view to disable this warning
2025-08-09T20:12:09.490+09:00  INFO 62446 --- [seating-app] [restartedMain] o.s.b.d.a.OptionalLiveReloadServer       : LiveReload server is running on port 35729
2025-08-09T20:12:09.495+09:00  INFO 62446 --- [seating-app] [restartedMain] o.s.b.a.e.web.EndpointLinksResolver      : Exposing 1 endpoint(s) beneath base path '/actuator'
2025-08-09T20:12:09.526+09:00  INFO 62446 --- [seating-app] [restartedMain] o.s.b.w.embedded.tomcat.TomcatWebServer  : Tomcat started on port 8080 (http) with context path ''
2025-08-09T20:12:09.536+09:00  INFO 62446 --- [seating-app] [restartedMain] sekigae.sekigae.SekigaeApplication       : Started SekigaeApplication in 2.259 seconds (process running for 2.759)
2025-08-09T20:12:11.481+09:00  INFO 62446 --- [seating-app] [http-nio-8080-exec-1] o.a.c.c.C.[Tomcat].[localhost].[/]       : Initializing Spring DispatcherServlet 'dispatcherServlet'
2025-08-09T20:12:11.482+09:00  INFO 62446 --- [seating-app] [http-nio-8080-exec-1] o.s.web.servlet.DispatcherServlet        : Initializing Servlet 'dispatcherServlet'
2025-08-09T20:12:11.482+09:00  INFO 62446 --- [seating-app] [http-nio-8080-exec-1] o.s.web.servlet.DispatcherServlet        : Completed initialization in 0 ms
2025-08-09T20:19:05.005+09:00  INFO 62446 --- [seating-app] [SpringApplicationShutdownHook] j.LocalContainerEntityManagerFactoryBean : Closing JPA EntityManagerFactory for persistence unit 'default'
2025-08-09T20:19:05.008+09:00  INFO 62446 --- [seating-app] [SpringApplicationShutdownHook] com.zaxxer.hikari.HikariDataSource       : HikariPool-1 - Shutdown initiated...
2025-08-09T20:19:05.015+09:00  INFO 62446 --- [seating-app] [SpringApplicationShutdownHook] com.zaxxer.hikari.HikariDataSource       : HikariPool-1 - Shutdown completed.
2025-08-09T20:19:06.361+09:00  INFO 62538 --- [seating-app] [restartedMain] sekigae.sekigae.SekigaeApplication       : Starting SekigaeApplication using Java 23.0.2 with PID 62538 (/Users/okumurakiyoshikou/IdeaProjects/sekigae/build/classes/java/main started by okumurakiyoshikou in /Users/okumurakiyoshikou/IdeaProjects/sekigae)
2025-08-09T20:19:06.362+09:00  INFO 62538 --- [seating-app] [restartedMain] sekigae.sekigae.SekigaeApplication       : The following 1 profile is active: "development"
2025-08-09T20:19:06.387+09:00  INFO 62538 --- [seating-app] [restartedMain] .e.DevToolsPropertyDefaultsPostProcessor : Devtools property defaults active! Set 'spring.devtools.add-properties' to 'false' to disable
2025-08-09T20:19:06.387+09:00  INFO 62538 --- [seating-app] [restartedMain] .e.DevToolsPropertyDefaultsPostProcessor : For additional web related logging consider setting the 'logging.level.web' property to 'DEBUG'
2025-08-09T20:19:06.657+09:00  INFO 62538 --- [seating-app] [restartedMain] .s.d.r.c.RepositoryConfigurationDelegate : Bootstrapping Spring Data JPA repositories in DEFAULT mode.
2025-08-09T20:19:06.677+09:00  INFO 62538 --- [seating-app] [restartedMain] .s.d.r.c.RepositoryConfigurationDelegate : Finished Spring Data repository scanning in 16 ms. Found 3 JPA repository interfaces.
2025-08-09T20:19:07.126+09:00  INFO 62538 --- [seating-app] [restartedMain] o.s.b.w.embedded.tomcat.TomcatWebServer  : Tomcat initialized with port 8080 (http)
2025-08-09T20:19:07.129+09:00  INFO 62538 --- [seating-app] [restartedMain] o.apache.catalina.core.StandardService   : Starting service [Tomcat]
2025-08-09T20:19:07.130+09:00  INFO 62538 --- [seating-app] [restartedMain] o.apache.catalina.core.StandardEngine    : Starting Servlet engine: [Apache Tomcat/10.1.16]
2025-08-09T20:19:07.145+09:00  INFO 62538 --- [seating-app] [restartedMain] o.a.c.c.C.[Tomcat].[localhost].[/]       : Initializing Spring embedded WebApplicationContext
2025-08-09T20:19:07.145+09:00  INFO 62538 --- [seating-app] [restartedMain] w.s.c.ServletWebServerApplicationContext : Root WebApplicationContext: initialization completed in 758 ms
2025-08-09T20:19:07.208+09:00  INFO 62538 --- [seating-app] [restartedMain] com.zaxxer.hikari.HikariDataSource       : HikariPool-1 - Starting...
2025-08-09T20:19:07.273+09:00  INFO 62538 --- [seating-app] [restartedMain] com.zaxxer.hikari.pool.HikariPool        : HikariPool-1 - Added connection com.mysql.cj.jdbc.ConnectionImpl@5e83f6ed
2025-08-09T20:19:07.274+09:00  INFO 62538 --- [seating-app] [restartedMain] com.zaxxer.hikari.HikariDataSource       : HikariPool-1 - Start completed.
2025-08-09T20:19:07.278+09:00  INFO 62538 --- [seating-app] [restartedMain] o.s.b.a.h2.H2ConsoleAutoConfiguration    : H2 console available at '/h2-console'. Database available at 'jdbc:mysql://localhost:3306/sekigae_db?useSSL=false&allowPublicKeyRetrieval=true&characterEncoding=UTF-8&serverTimezone=Asia/Tokyo'
2025-08-09T20:19:07.358+09:00  INFO 62538 --- [seating-app] [restartedMain] o.hibernate.jpa.internal.util.LogHelper  : HHH000204: Processing PersistenceUnitInfo [name: default]
2025-08-09T20:19:07.378+09:00  INFO 62538 --- [seating-app] [restartedMain] org.hibernate.Version                    : HHH000412: Hibernate ORM core version 6.3.1.Final
2025-08-09T20:19:07.391+09:00  INFO 62538 --- [seating-app] [restartedMain] o.h.c.internal.RegionFactoryInitiator    : HHH000026: Second-level cache disabled
2025-08-09T20:19:07.474+09:00  INFO 62538 --- [seating-app] [restartedMain] o.s.o.j.p.SpringPersistenceUnitInfo      : No LoadTimeWeaver setup: ignoring JPA class transformer
2025-08-09T20:19:07.501+09:00  WARN 62538 --- [seating-app] [restartedMain] org.hibernate.orm.deprecation            : HHH90000025: MySQL8Dialect does not need to be specified explicitly using 'hibernate.dialect' (remove the property setting and it will be selected by default)
2025-08-09T20:19:07.502+09:00  WARN 62538 --- [seating-app] [restartedMain] org.hibernate.orm.deprecation            : HHH90000026: MySQL8Dialect has been deprecated; use org.hibernate.dialect.MySQLDialect instead
2025-08-09T20:19:07.796+09:00  INFO 62538 --- [seating-app] [restartedMain] o.h.e.t.j.p.i.JtaPlatformInitiator       : HHH000489: No JTA platform available (set 'hibernate.transaction.jta.platform' to enable JTA platform integration)
2025-08-09T20:19:07.826+09:00  INFO 62538 --- [seating-app] [restartedMain] j.LocalContainerEntityManagerFactoryBean : Initialized JPA EntityManagerFactory for persistence unit 'default'
2025-08-09T20:19:08.077+09:00  WARN 62538 --- [seating-app] [restartedMain] JpaBaseConfiguration$JpaWebConfiguration : spring.jpa.open-in-view is enabled by default. Therefore, database queries may be performed during view rendering. Explicitly configure spring.jpa.open-in-view to disable this warning
2025-08-09T20:19:08.411+09:00  INFO 62538 --- [seating-app] [restartedMain] o.s.b.d.a.OptionalLiveReloadServer       : LiveReload server is running on port 35729
2025-08-09T20:19:08.417+09:00  INFO 62538 --- [seating-app] [restartedMain] o.s.b.a.e.web.EndpointLinksResolver      : Exposing 1 endpoint(s) beneath base path '/actuator'
2025-08-09T20:19:08.450+09:00  INFO 62538 --- [seating-app] [restartedMain] o.s.b.w.embedded.tomcat.TomcatWebServer  : Tomcat started on port 8080 (http) with context path ''
2025-08-09T20:19:08.457+09:00  INFO 62538 --- [seating-app] [restartedMain] sekigae.sekigae.SekigaeApplication       : Started SekigaeApplication in 2.234 seconds (process running for 2.412)
2025-08-09T20:19:10.316+09:00  INFO 62538 --- [seating-app] [http-nio-8080-exec-2] o.a.c.c.C.[Tomcat].[localhost].[/]       : Initializing Spring DispatcherServlet 'dispatcherServlet'
2025-08-09T20:19:10.317+09:00  INFO 62538 --- [seating-app] [http-nio-8080-exec-2] o.s.web.servlet.DispatcherServlet        : Initializing Servlet 'dispatcherServlet'
2025-08-09T20:19:10.317+09:00  INFO 62538 --- [seating-app] [http-nio-8080-exec-2] o.s.web.servlet.DispatcherServlet        : Completed initialization in 0 ms
2025-08-09T20:23:12.630+09:00  INFO 62538 --- [seating-app] [SpringApplicationShutdownHook] j.LocalContainerEntityManagerFactoryBean : Closing JPA EntityManagerFactory for persistence unit 'default'
2025-08-09T20:23:12.633+09:00  INFO 62538 --- [seating-app] [SpringApplicationShutdownHook] com.zaxxer.hikari.HikariDataSource       : HikariPool-1 - Shutdown initiated...
2025-08-09T20:23:12.638+09:00  INFO 62538 --- [seating-app] [SpringApplicationShutdownHook] com.zaxxer.hikari.HikariDataSource       : HikariPool-1 - Shutdown completed.
2025-08-09T20:23:13.921+09:00  INFO 62579 --- [seating-app] [restartedMain] sekigae.sekigae.SekigaeApplication       : Starting SekigaeApplication using Java 23.0.2 with PID 62579 (/Users/okumurakiyoshikou/IdeaProjects/sekigae/build/classes/java/main started by okumurakiyoshikou in /Users/okumurakiyoshikou/IdeaProjects/sekigae)
2025-08-09T20:23:13.922+09:00  INFO 62579 --- [seating-app] [restartedMain] sekigae.sekigae.SekigaeApplication       : The following 1 profile is active: "development"
2025-08-09T20:23:13.948+09:00  INFO 62579 --- [seating-app] [restartedMain] .e.DevToolsPropertyDefaultsPostProcessor : Devtools property defaults active! Set 'spring.devtools.add-properties' to 'false' to disable
2025-08-09T20:23:13.948+09:00  INFO 62579 --- [seating-app] [restartedMain] .e.DevToolsPropertyDefaultsPostProcessor : For additional web related logging consider setting the 'logging.level.web' property to 'DEBUG'
2025-08-09T20:23:14.195+09:00  INFO 62579 --- [seating-app] [restartedMain] .s.d.r.c.RepositoryConfigurationDelegate : Bootstrapping Spring Data JPA repositories in DEFAULT mode.
2025-08-09T20:23:14.210+09:00  INFO 62579 --- [seating-app] [restartedMain] .s.d.r.c.RepositoryConfigurationDelegate : Finished Spring Data repository scanning in 12 ms. Found 3 JPA repository interfaces.
2025-08-09T20:23:14.643+09:00  INFO 62579 --- [seating-app] [restartedMain] o.s.b.w.embedded.tomcat.TomcatWebServer  : Tomcat initialized with port 8080 (http)
2025-08-09T20:23:14.647+09:00  INFO 62579 --- [seating-app] [restartedMain] o.apache.catalina.core.StandardService   : Starting service [Tomcat]
2025-08-09T20:23:14.647+09:00  INFO 62579 --- [seating-app] [restartedMain] o.apache.catalina.core.StandardEngine    : Starting Servlet engine: [Apache Tomcat/10.1.16]
2025-08-09T20:23:14.666+09:00  INFO 62579 --- [seating-app] [restartedMain] o.a.c.c.C.[Tomcat].[localhost].[/]       : Initializing Spring embedded WebApplicationContext
2025-08-09T20:23:14.666+09:00  INFO 62579 --- [seating-app] [restartedMain] w.s.c.ServletWebServerApplicationContext : Root WebApplicationContext: initialization completed in 718 ms
2025-08-09T20:23:14.736+09:00  INFO 62579 --- [seating-app] [restartedMain] com.zaxxer.hikari.HikariDataSource       : HikariPool-1 - Starting...
2025-08-09T20:23:14.805+09:00  INFO 62579 --- [seating-app] [restartedMain] com.zaxxer.hikari.pool.HikariPool        : HikariPool-1 - Added connection com.mysql.cj.jdbc.ConnectionImpl@3526cd58
2025-08-09T20:23:14.806+09:00  INFO 62579 --- [seating-app] [restartedMain] com.zaxxer.hikari.HikariDataSource       : HikariPool-1 - Start completed.
2025-08-09T20:23:14.810+09:00  INFO 62579 --- [seating-app] [restartedMain] o.s.b.a.h2.H2ConsoleAutoConfiguration    : H2 console available at '/h2-console'. Database available at 'jdbc:mysql://localhost:3306/sekigae_db?useSSL=false&allowPublicKeyRetrieval=true&characterEncoding=UTF-8&serverTimezone=Asia/Tokyo'
2025-08-09T20:23:14.891+09:00  INFO 62579 --- [seating-app] [restartedMain] o.hibernate.jpa.internal.util.LogHelper  : HHH000204: Processing PersistenceUnitInfo [name: default]
2025-08-09T20:23:14.911+09:00  INFO 62579 --- [seating-app] [restartedMain] org.hibernate.Version                    : HHH000412: Hibernate ORM core version 6.3.1.Final
2025-08-09T20:23:14.923+09:00  INFO 62579 --- [seating-app] [restartedMain] o.h.c.internal.RegionFactoryInitiator    : HHH000026: Second-level cache disabled
2025-08-09T20:23:15.010+09:00  INFO 62579 --- [seating-app] [restartedMain] o.s.o.j.p.SpringPersistenceUnitInfo      : No LoadTimeWeaver setup: ignoring JPA class transformer
2025-08-09T20:23:15.063+09:00  WARN 62579 --- [seating-app] [restartedMain] org.hibernate.orm.deprecation            : HHH90000025: MySQL8Dialect does not need to be specified explicitly using 'hibernate.dialect' (remove the property setting and it will be selected by default)
2025-08-09T20:23:15.063+09:00  WARN 62579 --- [seating-app] [restartedMain] org.hibernate.orm.deprecation            : HHH90000026: MySQL8Dialect has been deprecated; use org.hibernate.dialect.MySQLDialect instead
2025-08-09T20:23:15.356+09:00  INFO 62579 --- [seating-app] [restartedMain] o.h.e.t.j.p.i.JtaPlatformInitiator       : HHH000489: No JTA platform available (set 'hibernate.transaction.jta.platform' to enable JTA platform integration)
2025-08-09T20:23:15.387+09:00  INFO 62579 --- [seating-app] [restartedMain] j.LocalContainerEntityManagerFactoryBean : Initialized JPA EntityManagerFactory for persistence unit 'default'
2025-08-09T20:23:15.643+09:00  WARN 62579 --- [seating-app] [restartedMain] JpaBaseConfiguration$JpaWebConfiguration : spring.jpa.open-in-view is enabled by default. Therefore, database queries may be performed during view rendering. Explicitly configure spring.jpa.open-in-view to disable this warning
2025-08-09T20:23:15.970+09:00  INFO 62579 --- [seating-app] [restartedMain] o.s.b.d.a.OptionalLiveReloadServer       : LiveReload server is running on port 35729
2025-08-09T20:23:15.975+09:00  INFO 62579 --- [seating-app] [restartedMain] o.s.b.a.e.web.EndpointLinksResolver      : Exposing 1 endpoint(s) beneath base path '/actuator'
2025-08-09T20:23:16.005+09:00  INFO 62579 --- [seating-app] [restartedMain] o.s.b.w.embedded.tomcat.TomcatWebServer  : Tomcat started on port 8080 (http) with context path ''
2025-08-09T20:23:16.013+09:00  INFO 62579 --- [seating-app] [restartedMain] sekigae.sekigae.SekigaeApplication       : Started SekigaeApplication in 2.241 seconds (process running for 2.413)
2025-08-09T20:23:17.654+09:00  INFO 62579 --- [seating-app] [http-nio-8080-exec-1] o.a.c.c.C.[Tomcat].[localhost].[/]       : Initializing Spring DispatcherServlet 'dispatcherServlet'
2025-08-09T20:23:17.654+09:00  INFO 62579 --- [seating-app] [http-nio-8080-exec-1] o.s.web.servlet.DispatcherServlet        : Initializing Servlet 'dispatcherServlet'
2025-08-09T20:23:17.654+09:00  INFO 62579 --- [seating-app] [http-nio-8080-exec-1] o.s.web.servlet.DispatcherServlet        : Completed initialization in 0 ms
